make all --print-data-base --no-builtin-variables --no-builtin-rules --question
# GNU Make 4.2.1
# Built for x86_64-pc-linux-gnu
# Copyright (C) 1988-2016 Free Software Foundation, Inc.
# License GPLv3+: GNU GPL version 3 or later <http://gnu.org/licenses/gpl.html>
# This is free software: you are free to change and redistribute it.
# There is NO WARRANTY, to the extent permitted by law.

# Make data base, printed on Wed Jun  8 16:47:57 2022

# Variables

# automatic
<D = $(patsubst %/,%,$(dir $<))
# automatic
?F = $(notdir $?)
# environment
PAPERSIZE = a4
# default
.SHELLFLAGS := -c
# environment
XDG_SESSION_CLASS = user
# environment
VSCODE_AGENT_FOLDER = /home/lulu/.vscode-server
# environment
XDG_SESSION_TYPE = tty
# environment
VSCODE_LOG_NATIVE = false
# makefile (from 'Makefile', line 1)
TARGET = tcp_stack
# automatic
?D = $(patsubst %/,%,$(dir $?))
# automatic
@D = $(patsubst %/,%,$(dir $@))
# automatic
@F = $(notdir $@)
# default
MAKE_VERSION := 4.2.1
# makefile
CURDIR := /home/lulu/Documents/network/9/10-tcp_stack (1)
# makefile
SHELL = /bin/sh
# environment
VSCODE_NLS_CONFIG = {"locale":"en","availableLanguages":{}}
# environment
_ = /home/lulu/.vscode-server/bin/c3511e6c69bb39013c4a4b7b9566ec1ca73fc4d5/node
# makefile (from 'Makefile', line 7)
CFLAGS = -g -Wall -Wno-unused-variable -Wno-unused-function -Iinclude
# makefile (from 'Makefile', line 13)
HDRS = ./include/*.h
# makefile (from 'Makefile', line 1)
MAKEFILE_LIST :=  Makefile
# 'override' directive
GNUMAKEFLAGS := 
# environment
MAKELEVEL := 0
# environment
XDG_DATA_DIRS = /usr/local/share:/usr/share:/var/lib/snapd/desktop
# environment
DBUS_SESSION_BUS_ADDRESS = unix:path=/run/user/1000/bus
# environment
VSCODE_VERBOSE_LOGGING = true
# makefile (from 'Makefile', line 17)
OBJS = $(patsubst %.c,%.o,$(SRCS))
# environment
LESSOPEN = | /usr/bin/lesspipe %s
# environment
LC_NAME = zh_CN.UTF-8
# environment
VSCODE_CWD = /home/lulu
# environment
SSH_CONNECTION = 192.168.100.107 9213 192.168.100.109 22
# environment
PATH = /home/lulu/.vscode-server/bin/c3511e6c69bb39013c4a4b7b9566ec1ca73fc4d5/bin/remote-cli:/usr/local/sbin:/usr/local/bin:/usr/sbin:/usr/bin:/sbin:/bin:/usr/games:/usr/local/games:/snap/bin
# makefile (from 'Makefile', line 5)
LD = gcc
# environment
XDG_RUNTIME_DIR = /run/user/1000
# environment
VSCODE_LOG_STACK = false
# environment
LC_NUMERIC = zh_CN.UTF-8
# environment
VSCODE_IPC_HOOK_CLI = /run/user/1000/vscode-ipc-be150440-9c0e-4071-8286-00e22903ac4b.sock
# makefile (from 'Makefile', line 8)
LDFLAGS = -L.
# default
.FEATURES := target-specific order-only second-expansion else-if shortest-stem undefine oneshell archives jobserver output-sync check-symlink load
# environment
LS_COLORS = 
# automatic
%F = $(notdir $%)
# environment
VSCODE_PIPE_LOGGING = true
# environment
PWD = /home/lulu/Documents/network/9/10-tcp_stack (1)
# makefile (from 'Makefile', line 11)
LIBIP = libipstack.a
# default
.LOADED := 
# automatic
*D = $(patsubst %/,%,$(dir $*))
# environment
VSCODE_AMD_ENTRYPOINT = vs/workbench/api/node/extensionHostProcess
# environment
HOME = /home/lulu
# environment
LESSCLOSE = /usr/bin/lesspipe %s %s
# environment
LOGNAME = lulu
# environment
APPLICATION_INSIGHTS_NO_DIAGNOSTIC_CHANNEL = true
# automatic
+F = $(notdir $+)
# environment
VSCODE_HANDLES_UNCAUGHT_ERRORS = true
# automatic
^D = $(patsubst %/,%,$(dir $^))
# environment
LC_TIME = zh_CN.UTF-8
# default
MAKE = $(MAKE_COMMAND)
# default
MAKECMDGOALS := all
# makefile (from 'Makefile', line 15)
SRCS = ip.c main.c tcp.c tcp_apps.c tcp_in.c tcp_out.c tcp_sock.c tcp_timer.c
# environment
SHLVL = 0
# makefile (from 'Makefile', line 4)
CC = gcc
# environment
XDG_SESSION_ID = 4
# environment
USER = lulu
# environment
LC_MONETARY = zh_CN.UTF-8
# makefile
.DEFAULT_GOAL := all
# automatic
%D = $(patsubst %/,%,$(dir $%))
# environment
LC_TELEPHONE = zh_CN.UTF-8
# default
MAKE_COMMAND := make
# default
.VARIABLES := 
# automatic
*F = $(notdir $*)
# environment
LANGUAGE = en_US:en
# makefile
MAKEFLAGS = pqrR
# environment
MFLAGS = -pqrR
# environment
SSH_CLIENT = 192.168.100.107 9213 22
# automatic
+D = $(patsubst %/,%,$(dir $+))
# environment
BROWSER = /home/lulu/.vscode-server/bin/c3511e6c69bb39013c4a4b7b9566ec1ca73fc4d5/bin/helpers/browser.sh
# environment
VSCODE_HANDLES_SIGPIPE = true
# default
MAKEFILES := 
# automatic
<F = $(notdir $<)
# automatic
^F = $(notdir $^)
# environment
LC_MEASUREMENT = zh_CN.UTF-8
# environment
LC_ALL = C
# makefile (from 'Makefile', line 10)
LIBS = -lipstack -lpthread
# environment
LC_PAPER = zh_CN.UTF-8
# default
SUFFIXES := 
# default
.INCLUDE_DIRS = /usr/include /usr/local/include /usr/include
# environment
LC_IDENTIFICATION = zh_CN.UTF-8
# default
.RECIPEPREFIX := 
# environment
LC_ADDRESS = zh_CN.UTF-8
# default
MAKE_HOST := x86_64-pc-linux-gnu
# environment
LANG = C
# environment
VSCODE_EXTHOST_WILL_SEND_SOCKET = true
# environment
MOTD_SHOWN = pam
# variable set hash-table stats:
# Load=91/1024=9%, Rehash=0, Collisions=17/132=13%

# Pattern-specific Variable Values

# No pattern-specific variable values.

# Directories

# include (device 2053, inode 1076282): 22 files, no impossibilities.
# . (device 2053, inode 1062121): 28 files, no impossibilities.

# 50 files, no impossibilities in 2 directories.

# Implicit Rules

# No implicit rules.

# Files

# Not a target:
tcp_sock.c:
#  Implicit rule search has been done.
#  Last modified 2021-09-02 13:35:58
#  File has been updated.
#  Successfully updated.

all: tcp_stack
#  Command line target.
#  Implicit rule search has been done.
#  File does not exist.
#  File has been updated.
#  Needs to be updated (-q is set).
# variable set hash-table stats:
# Load=0/32=0%, Rehash=0, Collisions=0/9=0%

tcp.o: tcp.c include/tcp_apps.h include/rtable.h include/tcp.h include/log.h include/list.h include/arp.h include/tcp_sock.h include/synch_wait.h include/ip.h include/ether.h include/checksum.h include/tcp_hash.h include/hash.h include/ring_buffer.h include/arpcache.h include/icmp.h include/base.h include/tcp_timer.h include/types.h include/packet.h
#  Implicit rule search has not been done.
#  Implicit/static pattern stem: 'tcp'
#  Last modified 2022-06-07 17:43:52.421517715
#  File has been updated.
#  Successfully updated.
#  recipe to execute (from 'Makefile', line 20):
	$(CC) -c $(CFLAGS) $< -o $@

# Not a target:
include/tcp_sock.h:
#  Implicit rule search has been done.
#  Last modified 2022-05-24 22:42:53
#  File has been updated.
#  Successfully updated.

# Not a target:
main.c:
#  Implicit rule search has been done.
#  Last modified 2022-05-24 22:42:53
#  File has been updated.
#  Successfully updated.

# Not a target:
include/arpcache.h:
#  Implicit rule search has been done.
#  Last modified 2022-05-24 22:42:53
#  File has been updated.
#  Successfully updated.

ip.o: ip.c include/tcp_apps.h include/rtable.h include/tcp.h include/log.h include/list.h include/arp.h include/tcp_sock.h include/synch_wait.h include/ip.h include/ether.h include/checksum.h include/tcp_hash.h include/hash.h include/ring_buffer.h include/arpcache.h include/icmp.h include/base.h include/tcp_timer.h include/types.h include/packet.h
#  Implicit rule search has not been done.
#  Implicit/static pattern stem: 'ip'
#  Last modified 2022-06-07 17:43:52.313463709
#  File has been updated.
#  Successfully updated.
#  recipe to execute (from 'Makefile', line 20):
	$(CC) -c $(CFLAGS) $< -o $@

# Not a target:
include/icmp.h:
#  Implicit rule search has been done.
#  Last modified 2022-05-24 22:42:53
#  File has been updated.
#  Successfully updated.

# Not a target:
include/hash.h:
#  Implicit rule search has been done.
 
#  Last modified 2022-05-24 22:42:53
#  File has been updated.
#  Successfully updated.

# Not a target:
.SUFFIXES:
#  Implicit rule search has not been done.
#  Modification time never checked.
#  File has not been updated.

# Not a target:
Makefile:
#  Implicit rule search has been done.
#  Last modified 2022-05-24 22:46:55
#  File has been updated.
#  Successfully updated.

# Not a target:
libipstack.a:
#  Implicit rule search has been done.
#  Last modified 2022-05-24 22:47:30
#  File has been updated.
#  Successfully updated.

# Not a target:
include/arp.h:
#  Implicit rule search has been done.
#  Last modified 2022-05-24 22:42:53
#  File has been updated.
#  Successfully updated.

# Not a target:
include/checksum.h:
#  Implicit rule search has been done.
#  Last modified 2022-05-24 22:42:53
#  File has been updated.
#  Successfully updated.

tcp_apps.o: tcp_apps.c include/tcp_apps.h include/rtable.h include/tcp.h include/log.h include/list.h include/arp.h include/tcp_sock.h include/synch_wait.h include/ip.h include/ether.h include/checksum.h include/tcp_hash.h include/hash.h include/ring_buffer.h include/arpcache.h include/icmp.h include/base.h include/tcp_timer.h include/types.h include/packet.h
#  Implicit rule search has not been done.
#  Implicit/static pattern stem: 'tcp_apps'
#  Last modified 2022-06-07 17:43:52.469541715
#  File has been updated.
#  Successfully updated.
#  recipe to execute (from 'Makefile', line 20):
	$(CC) -c $(CFLAGS) $< -o $@

# Not a target:
include/ip.h:
#  Implicit rule search has been done.
#  Last modified 2022-05-24 22:42:53
#  File has been updated.
#  Successfully updated.

tcp_timer.o: tcp_timer.c include/tcp_apps.h include/rtable.h include/tcp.h include/log.h include/list.h include/arp.h include/tcp_sock.h include/synch_wait.h include/ip.h include/ether.h include/checksum.h include/tcp_hash.h include/hash.h include/ring_buffer.h include/arpcache.h include/icmp.h include/base.h include/tcp_timer.h include/types.h include/packet.h
#  Implicit rule search has not been done.
#  Implicit/static pattern stem: 'tcp_timer'
#  Last modified 2022-06-07 17:43:52.685649723
#  File has been updated.
#  Successfully updated.
#  recipe to execute (from 'Makefile', line 20):
	$(CC) -c $(CFLAGS) $< -o $@

# Not a target:
include/list.h:
#  Implicit rule search has been done.
#  Last modified 2022-05-24 22:42:53
#  File has been updated.
#  Successfully updated.

tcp_out.o: tcp_out.c include/tcp_apps.h include/rtable.h include/tcp.h include/log.h include/list.h include/arp.h include/tcp_sock.h include/synch_wait.h include/ip.h include/ether.h include/checksum.h include/tcp_hash.h include/hash.h include/ring_buffer.h include/arpcache.h include/icmp.h include/base.h include/tcp_timer.h include/types.h include/packet.h
#  Implicit rule search has not been done.
#  Implicit/static pattern stem: 'tcp_out'
#  Last modified 2022-06-07 17:43:52.573593719
#  File has been updated.
#  Successfully updated.
#  recipe to execute (from 'Makefile', line 20):
	$(CC) -c $(CFLAGS) $< -o $@

# Not a target:
include/ring_buffer.h:
#  Implicit rule search has been done.
#  Last modified 2022-05-24 22:42:53
#  File has been updated.
#  Successfully updated.

# Not a target:
tcp.c:
#  Implicit rule search has been done.
#  Last modified 2021-09-02 13:35:58
#  File has been updated.
#  Successfully updated.

# Not a target:
include/ether.h:
#  Implicit rule search has been done.
#  Last modified 2022-05-24 22:42:53
#  File has been updated.
#  Successfully updated.

# Not a target:
include/synch_wait.h:
#  Implicit rule search has been done.
#  Last modified 2022-05-24 22:42:53
#  File has been updated.
#  Successfully updated.

# Not a target:
include/base.h:
#  Implicit rule search has been done.
#  Last modified 2022-05-24 22:42:53
#  File has been updated.
#  Successfully updated.

# Not a target:
include/tcp.h:
#  Implicit rule search has been done.
#  Last modified 2022-05-24 22:42:53
#  File has been updated.
#  Successfully updated.

# Not a target:
ip.c:
#  Implicit rule search has been done.
#  Last modified 2022-05-24 22:42:53
#  File has been updated.
#  Successfully updated.

# Not a target:
.DEFAULT:
#  Implicit rule search has not been done.
#  Modification time never checked.
#  File has not been updated.

tcp_in.o: tcp_in.c include/tcp_apps.h include/rtable.h include/tcp.h include/log.h include/list.h include/arp.h include/tcp_sock.h include/synch_wait.h include/ip.h include/ether.h include/checksum.h include/tcp_hash.h include/hash.h include/ring_buffer.h include/arpcache.h include/icmp.h include/base.h include/tcp_timer.h include/types.h include/packet.h
#  Implicit rule search has not been done.
#  Implicit/static pattern stem: 'tcp_in'
#  Last modified 2022-06-07 17:43:52.517565717
#  File has been updated.
#  Successfully updated.
#  recipe to execute (from 'Makefile', line 20):
	$(CC) -c $(CFLAGS) $< -o $@

tcp_stack: libipstack.a ip.o main.o tcp.o tcp_apps.o tcp_in.o tcp_out.o tcp_sock.o tcp_timer.o
#  Implicit rule search has not been done.
#  Implicit/static pattern stem: ''
#  File does not exist.
#  File has been updated.
#  Needs to be updated (-q is set).
# automatic
# @ := tcp_stack
# automatic
# % := 
# automatic
# * := 
# automatic
# + := libipstack.a ip.o main.o tcp.o tcp_apps.o tcp_in.o tcp_out.o tcp_sock.o tcp_timer.o
# automatic
# | := 
# automatic
# < := libipstack.a
# automatic
# ^ := libipstack.a ip.o main.o tcp.o tcp_apps.o tcp_in.o tcp_out.o tcp_sock.o tcp_timer.o
# automatic
# ? := libipstack.a ip.o main.o tcp.o tcp_apps.o tcp_in.o tcp_out.o tcp_sock.o tcp_timer.o
# variable set hash-table stats:
# Load=8/32=25%, Rehash=0, Collisions=2/17=12%
#  recipe to execute (from 'Makefile', line 23):
	$(LD) $(LDFLAGS) $(OBJS) -o $(TARGET) $(LIBS) 

# Not a target:
include/log.h:
#  Implicit rule search has been done.
#  Last modified 2022-05-24 22:42:53
#  File has been updated.
#  Successfully updated.

clean:
#  Implicit rule search has not been done.
#  Modification time never checked.
#  File has not been updated.
#  recipe to execute (from 'Makefile', line 26):
	rm -f *.o $(TARGET)

tcp_sock.o: tcp_sock.c include/tcp_apps.h include/rtable.h include/tcp.h include/log.h include/list.h include/arp.h include/tcp_sock.h include/synch_wait.h include/ip.h include/ether.h include/checksum.h include/tcp_hash.h include/hash.h include/ring_buffer.h include/arpcache.h include/icmp.h include/base.h include/tcp_timer.h include/types.h include/packet.h
#  Implicit rule search has not been done.
#  Implicit/static pattern stem: 'tcp_sock'
#  Last modified 2022-06-07 17:43:52.64162772
#  File has been updated.
#  Successfully updated.
#  recipe to execute (from 'Makefile', line 20):
	$(CC) -c $(CFLAGS) $< -o $@

# Not a target:
tcp_apps.c:
#  Implicit rule search has been done.
#  Last modified 2021-09-02 13:35:58
#  File has been updated.
#  Successfully updated.

# Not a target:
include/packet.h:
#  Implicit rule search has been done.
#  Last modified 2022-05-24 22:42:53
#  File has been updated.
#  Successfully updated.

# Not a target:
include/rtable.h:
#  Implicit rule search has been done.
#  Last modified 2022-05-24 22:42:53
#  File has been updated.
#  Successfully updated.

# Not a target:
tcp_timer.c:
#  Implicit rule search has been done.
#  Last modified 2021-09-02 13:35:58
#  File has been updated.
#  Successfully updated.

# Not a target:
tcp_out.c:
#  Implicit rule search has been done.
#  Last modified 2021-09-02 13:35:58
#  File has been updated.
#  Successfully updated.

# Not a target:
include/tcp_apps.h:
#  Implicit rule search has been done.
#  Last modified 2022-05-24 22:42:53
#  File has been updated.
#  Successfully updated.

# Not a target:
include/tcp_timer.h:
#  Implicit rule search has been done.
#  Last modified 2022-06-07 17:43:47.595105529
#  File has been updated.
#  Successfully updated.

main.o: main.c include/tcp_apps.h include/rtable.h include/tcp.h include/log.h include/list.h include/arp.h include/tcp_sock.h include/synch_wait.h include/ip.h include/ether.h include/checksum.h include/tcp_hash.h include/hash.h include/ring_buffer.h include/arpcache.h include/icmp.h include/base.h include/tcp_timer.h include/types.h include/packet.h
#  Implicit rule search has not been done.
#  Implicit/static pattern stem: 'main'
#  Last modified 2022-06-07 17:43:52.373493712
#  File has been updated.
#  Successfully updated.
#  recipe to execute (from 'Makefile', line 20):
	$(CC) -c $(CFLAGS) $< -o $@

# Not a target:
include/types.h:
#  Implicit rule search has been done.
#  Last modified 2022-05-24 22:42:53
#  File has been updated.
#  Successfully updated.

# Not a target:
tcp_in.c:
#  Implicit rule search has been done.
#  Last modified 2021-09-02 13:35:58
#  File has been updated.
#  Successfully updated.

# Not a target:
include/tcp_hash.h:
#  Implicit rule search has been done.
#  Last modified 2022-05-24 22:42:53
#  File has been updated.
#  Successfully updated.

# files hash-table stats:
# Load=43/1024=4%, Rehash=0, Collisions=0/234=0%
# VPATH Search Paths

# No 'vpath' search paths.
 

# No general ('VPATH' variable) search path.

# strcache buffers: 1 (0) / strings = 85 / storage = 928 B / avg = 10 B
# current buf: size = 8162 B / used = 928 B / count = 85 / avg = 10 B

# strcache performance: lookups = 131 / hit rate = 35%
# hash-table stats:
# Load=85/8192=1%, Rehash=0, Collisions=2/131=2%
# Finished Make data base on Wed Jun  8 16:47:58 2022

 
